
 MSTGAD-4422be38 --weight_decay:0.0005   --learning_change:100 
loss   pr:0.9615  rc:0.9690  auc:0.9941 ap:0.9864 f1: 0.9653 pred_right: 16370 pred_wrong:130 actu_right: 16371 actu_wrong: 129
f1   pr:0.9398  rc:0.9690  auc:0.9999 ap:0.9874 f1: 0.9542 pred_right: 16367 pred_wrong:133 actu_right: 16371 actu_wrong: 129

 MSTGAD-ac3baf27 --weight_decay:0.0005   --learning_change:100 
loss   pr:0.8812  rc:0.8285  auc:0.9780 ap:0.9435 f1: 0.8540 pred_right: 221948 pred_wrong:10372 actu_right: 221288 actu_wrong: 11032
f1   pr:0.9397  rc:0.8338  auc:0.9759 ap:0.9449 f1: 0.8836 pred_right: 222531 pred_wrong:9789 actu_right: 221288 actu_wrong: 11032

 MSTGAD-ac3baf27 --weight_decay:0.0005   --learning_change:100 
loss   pr:0.8888  rc:0.8323  auc:0.9787 ap:0.9451 f1: 0.8596 pred_right: 221989 pred_wrong:10331 actu_right: 221288 actu_wrong: 11032
f1   pr:0.6109  rc:0.8376  auc:0.9736 ap:0.9238 f1: 0.7065 pred_right: 217195 pred_wrong:15125 actu_right: 221288 actu_wrong: 11032

 MSTGAD-ac3baf27 --weight_decay:0.0005   --learning_change:100 
loss   pr:0.6752  rc:0.8408  auc:0.9744 ap:0.9338 f1: 0.7489 pred_right: 218581 pred_wrong:13739 actu_right: 221288 actu_wrong: 11032
f1   pr:0.9891  rc:0.8299  auc:0.9805 ap:0.9515 f1: 0.9026 pred_right: 223063 pred_wrong:9257 actu_right: 221288 actu_wrong: 11032

 MSTGAD-ac3baf27 --weight_decay:0.0005   --learning_change:100 
loss   pr:0.9173  rc:0.8309  auc:0.9802 ap:0.9466 f1: 0.8720 pred_right: 222327 pred_wrong:9993 actu_right: 221288 actu_wrong: 11032
f1   pr:0.8174  rc:0.8323  auc:0.9778 ap:0.9410 f1: 0.8248 pred_right: 221087 pred_wrong:11233 actu_right: 221288 actu_wrong: 11032

 MSTGAD-ac3baf27 --weight_decay:0.0005   --learning_change:100 
loss   pr:0.8805  rc:0.8335  auc:0.9787 ap:0.9440 f1: 0.8563 pred_right: 221877 pred_wrong:10443 actu_right: 221288 actu_wrong: 11032
f1   pr:0.9607  rc:0.8331  auc:0.9790 ap:0.9490 f1: 0.8924 pred_right: 222753 pred_wrong:9567 actu_right: 221288 actu_wrong: 11032

 MSTGAD-ac3baf27 --weight_decay:0.0005   --learning_change:100 
loss   pr:0.7874  rc:0.8358  auc:0.9767 ap:0.9390 f1: 0.8109 pred_right: 220610 pred_wrong:11710 actu_right: 221288 actu_wrong: 11032
f1   pr:0.9288  rc:0.8318  auc:0.9785 ap:0.9456 f1: 0.8776 pred_right: 222441 pred_wrong:9879 actu_right: 221288 actu_wrong: 11032

 MSTGAD-ac3baf27 --weight_decay:0.0005   --learning_change:100 
loss   pr:0.8171  rc:0.8353  auc:0.9764 ap:0.9399 f1: 0.8261 pred_right: 221043 pred_wrong:11277 actu_right: 221288 actu_wrong: 11032
f1   pr:0.8619  rc:0.8334  auc:0.9796 ap:0.9458 f1: 0.8474 pred_right: 221653 pred_wrong:10667 actu_right: 221288 actu_wrong: 11032

 MSTGAD-ac3baf27 --weight_decay:0.0005   --learning_change:100 
loss   pr:0.8578  rc:0.8340  auc:0.9787 ap:0.9441 f1: 0.8458 pred_right: 221594 pred_wrong:10726 actu_right: 221288 actu_wrong: 11032
f1   pr:0.9279  rc:0.8308  auc:0.9780 ap:0.9441 f1: 0.8767 pred_right: 222443 pred_wrong:9877 actu_right: 221288 actu_wrong: 11032

 MSTGAD-ac3baf27 --weight_decay:0.0005   --learning_change:100 
loss   pr:0.7194  rc:0.8362  auc:0.9756 ap:0.9361 f1: 0.7734 pred_right: 219497 pred_wrong:12823 actu_right: 221288 actu_wrong: 11032
f1   pr:0.8514  rc:0.8329  auc:0.9758 ap:0.9409 f1: 0.8421 pred_right: 221527 pred_wrong:10793 actu_right: 221288 actu_wrong: 11032

 MSTGAD-ac3baf27 --weight_decay:0.0005   --learning_change:100 
loss   pr:0.7136  rc:0.8411  auc:0.9753 ap:0.9364 f1: 0.7721 pred_right: 219317 pred_wrong:13003 actu_right: 221288 actu_wrong: 11032
f1   pr:0.9288  rc:0.8261  auc:0.9790 ap:0.9477 f1: 0.8744 pred_right: 222508 pred_wrong:9812 actu_right: 221288 actu_wrong: 11032

 MSTGAD-ac3baf27 --weight_decay:0.0005   --learning_change:100 
loss   pr:0.8775  rc:0.8321  auc:0.9798 ap:0.9465 f1: 0.8542 pred_right: 221858 pred_wrong:10462 actu_right: 221288 actu_wrong: 11032
f1   pr:0.7387  rc:0.8328  auc:0.9754 ap:0.9387 f1: 0.7830 pred_right: 219882 pred_wrong:12438 actu_right: 221288 actu_wrong: 11032

 MSTGAD-ac3baf27 --weight_decay:0.0005   --learning_change:100 
loss   pr:0.8405  rc:0.8348  auc:0.9774 ap:0.9429 f1: 0.8377 pred_right: 221362 pred_wrong:10958 actu_right: 221288 actu_wrong: 11032
f1   pr:0.9146  rc:0.8326  auc:0.9795 ap:0.9463 f1: 0.8716 pred_right: 222277 pred_wrong:10043 actu_right: 221288 actu_wrong: 11032

 MSTGAD-ac3baf27 --weight_decay:0.0005   --learning_change:100 
loss   pr:0.8644  rc:0.8336  auc:0.9762 ap:0.9416 f1: 0.8487 pred_right: 221682 pred_wrong:10638 actu_right: 221288 actu_wrong: 11032
f1   pr:0.8989  rc:0.8258  auc:0.9784 ap:0.9450 f1: 0.8608 pred_right: 222185 pred_wrong:10135 actu_right: 221288 actu_wrong: 11032

 MSTGAD-ac3baf27 --weight_decay:0.0005   --learning_change:100 
loss   pr:0.7995  rc:0.8348  auc:0.9742 ap:0.9364 f1: 0.8168 pred_right: 220801 pred_wrong:11519 actu_right: 221288 actu_wrong: 11032
f1   pr:0.9715  rc:0.8338  auc:0.9785 ap:0.9436 f1: 0.8974 pred_right: 222852 pred_wrong:9468 actu_right: 221288 actu_wrong: 11032

 MSTGAD-ac3baf27 --weight_decay:0.0005   --learning_change:100 
loss   pr:0.7533  rc:0.8373  auc:0.9732 ap:0.9350 f1: 0.7931 pred_right: 220058 pred_wrong:12262 actu_right: 221288 actu_wrong: 11032
f1   pr:0.9608  rc:0.8305  auc:0.9776 ap:0.9436 f1: 0.8909 pred_right: 222784 pred_wrong:9536 actu_right: 221288 actu_wrong: 11032

 MSTGAD-ac3baf27 --weight_decay:0.0005   --learning_change:100 
loss   pr:0.8880  rc:0.8320  auc:0.9781 ap:0.9433 f1: 0.8591 pred_right: 221983 pred_wrong:10337 actu_right: 221288 actu_wrong: 11032
f1   pr:0.9841  rc:0.8299  auc:0.9786 ap:0.9504 f1: 0.9005 pred_right: 223016 pred_wrong:9304 actu_right: 221288 actu_wrong: 11032

 MSTGAD-ac3baf27 --weight_decay:0.0005   --learning_change:100 
loss   pr:0.8067  rc:0.8390  auc:0.9754 ap:0.9385 f1: 0.8225 pred_right: 220846 pred_wrong:11474 actu_right: 221288 actu_wrong: 11032
f1   pr:0.8895  rc:0.8337  auc:0.9767 ap:0.9441 f1: 0.8607 pred_right: 221981 pred_wrong:10339 actu_right: 221288 actu_wrong: 11032

 MSTGAD-ac3baf27 --weight_decay:0.0005   --learning_change:100 
loss   pr:0.8704  rc:0.8331  auc:0.9801 ap:0.9453 f1: 0.8513 pred_right: 221760 pred_wrong:10560 actu_right: 221288 actu_wrong: 11032
f1   pr:0.9909  rc:0.8258  auc:0.9787 ap:0.9507 f1: 0.9008 pred_right: 223126 pred_wrong:9194 actu_right: 221288 actu_wrong: 11032

 MSTGAD-ac3baf27 --weight_decay:0.0005   --learning_change:100 
loss   pr:0.7529  rc:0.8384  auc:0.9764 ap:0.9386 f1: 0.7933 pred_right: 220035 pred_wrong:12285 actu_right: 221288 actu_wrong: 11032
f1   pr:0.9170  rc:0.8318  auc:0.9767 ap:0.9422 f1: 0.8723 pred_right: 222314 pred_wrong:10006 actu_right: 221288 actu_wrong: 11032

 MSTGAD-ac3baf27 --weight_decay:0.0005   --learning_change:100 
loss   pr:0.9019  rc:0.8314  auc:0.9775 ap:0.9431 f1: 0.8652 pred_right: 222150 pred_wrong:10170 actu_right: 221288 actu_wrong: 11032
f1   pr:0.9418  rc:0.8338  auc:0.9779 ap:0.9458 f1: 0.8846 pred_right: 222553 pred_wrong:9767 actu_right: 221288 actu_wrong: 11032

 MSTGAD-ac3baf27 --weight_decay:0.0005   --learning_change:100 
loss   pr:0.8968  rc:0.8330  auc:0.9782 ap:0.9432 f1: 0.8637 pred_right: 222072 pred_wrong:10248 actu_right: 221288 actu_wrong: 11032
f1   pr:0.6914  rc:0.8354  auc:0.9762 ap:0.9369 f1: 0.7566 pred_right: 218990 pred_wrong:13330 actu_right: 221288 actu_wrong: 11032

 MSTGAD-a86f998f --weight_decay:0.0005   --learning_change:100 
loss   pr:0.9231  rc:0.1860  auc:0.8460 ap:0.7697 f1: 0.3097 pred_right: 16474 pred_wrong:26 actu_right: 16371 actu_wrong: 129
f1   pr:0.9231  rc:0.1860  auc:0.8460 ap:0.7697 f1: 0.3097 pred_right: 16474 pred_wrong:26 actu_right: 16371 actu_wrong: 129

 MSTGAD-d5155caf --weight_decay:0.0005   --learning_change:100 
loss   pr:0.2727  rc:0.0233  auc:0.4400 ap:0.5617 f1: 0.0429 pred_right: 16489 pred_wrong:11 actu_right: 16371 actu_wrong: 129

 MSTGAD-cc60556d --weight_decay:0.0005   --learning_change:100 
loss   pr:0.0000  rc:0.0000  auc:0.0973 ap:0.4915 f1: 0.0000 pred_right: 16500 pred_wrong: 0  actu_right: 16371 actu_wrong: 129
f1   pr:0.0000  rc:0.0000  auc:0.0973 ap:0.4915 f1: 0.0000 pred_right: 16500 pred_wrong: 0  actu_right: 16371 actu_wrong: 129

 MSTGAD-e4e2917d --weight_decay:0.0005   --learning_change:100 
loss   pr:0.0000  rc:0.0000  auc:0.7246 ap:0.7490 f1: 0.0000 pred_right: 16500 pred_wrong: 0  actu_right: 16371 actu_wrong: 129
f1   pr:1.0000  rc:0.1240  auc:0.8390 ap:0.7912 f1: 0.2207 pred_right: 16484 pred_wrong:16 actu_right: 16371 actu_wrong: 129

 MSTGAD-e7d5ac2e --weight_decay:0.0005   --learning_change:100 
loss   pr:0.0000  rc:0.0000  auc:0.5086 ap:0.5612 f1: 0.0000 pred_right: 16500 pred_wrong: 0  actu_right: 16371 actu_wrong: 129
f1   pr:1.0000  rc:0.1163  auc:0.8333 ap:0.7175 f1: 0.2083 pred_right: 16485 pred_wrong:15 actu_right: 16371 actu_wrong: 129

 MSTGAD-b55737ce --weight_decay:0.0005   --learning_change:100 
loss   pr:0.0000  rc:0.0000  auc:0.5104 ap:0.5621 f1: 0.0000 pred_right: 16500 pred_wrong: 0  actu_right: 16371 actu_wrong: 129
f1   pr:1.0000  rc:0.1163  auc:0.8338 ap:0.7181 f1: 0.2083 pred_right: 16485 pred_wrong:15 actu_right: 16371 actu_wrong: 129

 MSTGAD-67f8507c --weight_decay:0.0005   --learning_change:100 
loss   pr:0.0000  rc:0.0000  auc:0.8683 ap:0.5958 f1: 0.0000 pred_right: 16500 pred_wrong: 0  actu_right: 16371 actu_wrong: 129
f1   pr:1.0000  rc:0.1240  auc:0.8449 ap:0.7332 f1: 0.2207 pred_right: 16484 pred_wrong:16 actu_right: 16371 actu_wrong: 129

 MSTGAD-69c38446 --weight_decay:0.0005   --learning_change:100 
loss   pr:1.0000  rc:0.4400  auc:0.7999 ap:0.7583 f1: 0.6111 pred_right: 549 pred_wrong:11 actu_right: 535 actu_wrong: 25
f1   pr:1.0000  rc:0.4400  auc:0.7999 ap:0.7583 f1: 0.6111 pred_right: 549 pred_wrong:11 actu_right: 535 actu_wrong: 25

 MSTGAD-4f9302e7 --weight_decay:0.0005   --learning_change:100 
loss   pr:0.0000  rc:0.0000  auc:0.5030 ap:0.4996 f1: 0.0000 pred_right: 16026 pred_wrong:474 actu_right: 16371 actu_wrong: 129
f1   pr:0.0000  rc:0.0000  auc:0.5030 ap:0.4996 f1: 0.0000 pred_right: 16026 pred_wrong:474 actu_right: 16371 actu_wrong: 129

 MSTGAD-69c38446 --weight_decay:0.0005   --learning_change:100 
loss   pr:1.0000  rc:0.4400  auc:0.8941 ap:0.8293 f1: 0.6111 pred_right: 549 pred_wrong:11 actu_right: 535 actu_wrong: 25
f1   pr:1.0000  rc:0.4400  auc:0.8941 ap:0.8293 f1: 0.6111 pred_right: 549 pred_wrong:11 actu_right: 535 actu_wrong: 25

 MSTGAD-4f9302e7 --weight_decay:0.0005   --learning_change:100 
loss   pr:0.0000  rc:0.0000  auc:0.5029 ap:0.4996 f1: 0.0000 pred_right: 16026 pred_wrong:474 actu_right: 16371 actu_wrong: 129
f1   pr:0.0000  rc:0.0000  auc:0.5030 ap:0.4996 f1: 0.0000 pred_right: 16026 pred_wrong:474 actu_right: 16371 actu_wrong: 129

 MSTGAD-69c38446 --weight_decay:0.0005   --learning_change:100 
loss   pr:0.0000  rc:0.0000  auc:0.9150 ap:0.6989 f1: 0.0000 pred_right: 560 pred_wrong: 0  actu_right: 535 actu_wrong: 25
f1   pr:0.0000  rc:0.0000  auc:0.9150 ap:0.6989 f1: 0.0000 pred_right: 560 pred_wrong: 0  actu_right: 535 actu_wrong: 25

 MSTGAD-4f9302e7 --weight_decay:0.0005   --learning_change:100 
loss   pr:0.0000  rc:0.0000  auc:0.5028 ap:0.4996 f1: 0.0000 pred_right: 16025 pred_wrong:475 actu_right: 16371 actu_wrong: 129
f1   pr:0.0000  rc:0.0000  auc:0.5028 ap:0.4996 f1: 0.0000 pred_right: 16025 pred_wrong:475 actu_right: 16371 actu_wrong: 129

 MSTGAD-4f9302e7 --weight_decay:0.0005   --learning_change:100 
loss   pr:0.0000  rc:0.0000  auc:0.5030 ap:0.4996 f1: 0.0000 pred_right: 16028 pred_wrong:472 actu_right: 16371 actu_wrong: 129
f1   pr:0.0000  rc:0.0000  auc:0.5030 ap:0.4996 f1: 0.0000 pred_right: 16028 pred_wrong:472 actu_right: 16371 actu_wrong: 129

 MSTGAD-0c951578 --weight_decay:0.0005   --learning_change:100 
loss   pr:0.0213  rc:0.8915  auc:0.8483 ap:0.5889 f1: 0.0417 pred_right: 11107 pred_wrong:5393 actu_right: 16371 actu_wrong: 129
f1   pr:0.0213  rc:0.8915  auc:0.8483 ap:0.5889 f1: 0.0417 pred_right: 11107 pred_wrong:5393 actu_right: 16371 actu_wrong: 129

 MSTGAD-e9d71d4b --weight_decay:0.0005   --learning_change:100 
loss   pr:0.0213  rc:0.8915  auc:0.8483 ap:0.5889 f1: 0.0417 pred_right: 11109 pred_wrong:5391 actu_right: 16371 actu_wrong: 129
f1   pr:0.0213  rc:0.8915  auc:0.8483 ap:0.5889 f1: 0.0417 pred_right: 11109 pred_wrong:5391 actu_right: 16371 actu_wrong: 129

 MSTGAD-755ca97b --weight_decay:0.0005   --learning_change:100 
loss   pr:0.1257  rc:0.8000  auc:0.7995 ap:0.8296 f1: 0.2172 pred_right: 129 pred_wrong:191 actu_right: 290 actu_wrong: 30
f1   pr:0.1257  rc:0.8000  auc:0.7995 ap:0.8296 f1: 0.2172 pred_right: 129 pred_wrong:191 actu_right: 290 actu_wrong: 30

<<<<<<< Updated upstream
 MSTGAD-db44742c --weight_decay:0.0005   --learning_change:100 
loss   pr:0.9528  rc:0.9380  auc:0.9969 ap:0.9613 f1: 0.9453 pred_right: 16373 pred_wrong:127 actu_right: 16371 actu_wrong: 129 thr:0.5000
f1   pr:0.9919  rc:0.9535  auc:0.9974 ap:0.9871 f1: 0.9723 pred_right: 16376 pred_wrong:124 actu_right: 16371 actu_wrong: 129 thr:0.5000

 MSTGAD-6ae0b859 --weight_decay:0.0005   --learning_change:100 
loss   pr:0.9328  rc:0.9690  auc:0.9987 ap:0.9729 f1: 0.9506 pred_right: 16366 pred_wrong:134 actu_right: 16371 actu_wrong: 129 thr:0.6338
f1   pr:0.9470  rc:0.9690  auc:0.9984 ap:0.9699 f1: 0.9579 pred_right: 16368 pred_wrong:132 actu_right: 16371 actu_wrong: 129 thr:0.6338

 MSTGAD-621288c1 --weight_decay:0.0005   --learning_change:100 
loss   pr:0.9531  rc:0.9457  auc:0.9982 ap:0.9778 f1: 0.9494 pred_right: 16372 pred_wrong:128 actu_right: 16371 actu_wrong: 129 thr:0.5070
f1   pr:0.9609  rc:0.9535  auc:0.9978 ap:0.9741 f1: 0.9572 pred_right: 16372 pred_wrong:128 actu_right: 16371 actu_wrong: 129 thr:0.5070
=======
 MSTGAD-8e32821b --weight_decay:0.0005   --learning_change:100 
loss   pr:0.9237  rc:0.9380  auc:0.9957 ap:0.9422 f1: 0.9308 pred_right: 16369 pred_wrong:131 actu_right: 16371 actu_wrong: 129
f1   pr:0.9618  rc:0.9767  auc:0.9994 ap:0.9773 f1: 0.9692 pred_right: 16369 pred_wrong:131 actu_right: 16371 actu_wrong: 129

 MSTGAD-db44742c --weight_decay:0.0005   --learning_change:100 
loss   pr:0.9360  rc:0.9070  auc:0.9970 ap:0.9688 f1: 0.9213 pred_right: 16375 pred_wrong:125 actu_right: 16371 actu_wrong: 129 thr:0.5000
f1   pr:0.9612  rc:0.9612  auc:0.9979 ap:0.9766 f1: 0.9612 pred_right: 16371 pred_wrong:129 actu_right: 16371 actu_wrong: 129 thr:0.5000

 MSTGAD-6ae0b859 --weight_decay:0.0005   --learning_change:100 
loss   pr:0.9265  rc:0.9767  auc:0.9997 ap:0.9869 f1: 0.9509 pred_right: 16364 pred_wrong:136 actu_right: 16371 actu_wrong: 129 thr:0.5660
f1   pr:0.9470  rc:0.9690  auc:0.9983 ap:0.9727 f1: 0.9579 pred_right: 16368 pred_wrong:132 actu_right: 16371 actu_wrong: 129 thr:0.5660

 MSTGAD-e1a4c41c --weight_decay:0.0005   --learning_change:100 
loss   pr:0.9385  rc:0.9457  auc:0.9996 ap:0.9697 f1: 0.9421 pred_right: 16370 pred_wrong:130 actu_right: 16371 actu_wrong: 129 thr:0.4444
f1   pr:0.9259  rc:0.9690  auc:0.9992 ap:0.9667 f1: 0.9470 pred_right: 16365 pred_wrong:135 actu_right: 16371 actu_wrong: 129 thr:0.4444

 MSTGAD-67234a79 --weight_decay:0.0005   --learning_change:100 
loss   pr:0.9516  rc:0.9147  auc:0.9971 ap:0.9637 f1: 0.9328 pred_right: 16376 pred_wrong:124 actu_right: 16371 actu_wrong: 129 thr:0.5409
f1   pr:0.9609  rc:0.9535  auc:0.9974 ap:0.9738 f1: 0.9572 pred_right: 16372 pred_wrong:128 actu_right: 16371 actu_wrong: 129 thr:0.5409
>>>>>>> Stashed changes
